#
# A fatal error has been detected by the Java Runtime Environment:
#
#  EXCEPTION_ACCESS_VIOLATION (0xc0000005) at pc=0x0000000076e77ab6, pid=9928, tid=0x0000000000002570
#
# JRE version: Java(TM) SE Runtime Environment (8.0_231-b11) (build 1.8.0_231-b11)
# Java VM: Java HotSpot(TM) 64-Bit Server VM (25.231-b11 mixed mode windows-amd64 compressed oops)
# Problematic frame:
# V  [jvm.dll+0x237ab6]
#
# Failed to write core dump. Minidumps are not enabled by default on client versions of Windows
#
# If you would like to submit a bug report, please visit:
#   http://bugreport.java.com/bugreport/crash.jsp
#

---------------  T H R E A D  ---------------

Current thread (0x000000001ca89000):  VMThread [stack: 0x000000001e780000,0x000000001e880000] [id=9584]

siginfo: ExceptionCode=0xc0000005, reading address 0x0000000000000008

Registers:
RAX=0x0000000000000000, RBX=0x000000001e87f040, RCX=0x000000001e87f040, RDX=0x0000000000000028
RSP=0x000000001e87ed70, RBP=0x000000001e87f580, RSI=0x0000000000000000, RDI=0x000000001e87f710
R8 =0x0000000000000000, R9 =0x0000000022affc28, R10=0x0000000000000008, R11=0x000000007724af98
R12=0x000000001eb4e328, R13=0x000000001e87f540, R14=0x00000000000003d8, R15=0x000000001e87f530
RIP=0x0000000076e77ab6, EFLAGS=0x0000000000010206

Top of Stack: (sp=0x000000001e87ed70)
0x000000001e87ed70:   0000000000000000 0000000000000000
0x000000001e87ed80:   00000006c1917f58 00000006c1917fc0
0x000000001e87ed90:   00000006c1918028 00000006c1918090
0x000000001e87eda0:   00000006c167d658 00000006c1918110
0x000000001e87edb0:   00000006c1918188 00000006c19181f0
0x000000001e87edc0:   00000000240cf040 00000000240cf040
0x000000001e87edd0:   00000006c1918328 00000006c1918390
0x000000001e87ede0:   00000006c1918400 00000006c1918400
0x000000001e87edf0:   00000006c1918490 00000006c1918500
0x000000001e87ee00:   00000006c1918568 00000006c19185d8
0x000000001e87ee10:   00000006c1918650 00000006c19186b8
0x000000001e87ee20:   00000006c1918728 00000006c1918790
0x000000001e87ee30:   00000006c1918808 00000006c1665150
0x000000001e87ee40:   00000006c1918870 00000006c1918940
0x000000001e87ee50:   00000006c19166a0 00000006c19189a8
0x000000001e87ee60:   00000006c1918a10 00000006c1918a78 

Instructions: (pc=0x0000000076e77ab6)
0x0000000076e77a96:   01 00 00 48 8b 05 e0 dd 5b 00 48 33 c4 48 89 84
0x0000000076e77aa6:   24 30 01 00 00 4c 63 41 10 48 8b 41 08 48 8b d9
0x0000000076e77ab6:   42 38 54 00 08 74 33 44 0f be c2 48 8d 4c 24 20
0x0000000076e77ac6:   48 8d 15 43 0a 3f 00 e8 ee e0 de ff 48 8d 0d c7 


Register to memory mapping:

RAX=0x0000000000000000 is an unknown value
RBX=0x000000001e87f040 is an unknown value
RCX=0x000000001e87f040 is an unknown value
RDX=0x0000000000000028 is an unknown value
RSP=0x000000001e87ed70 is an unknown value
RBP=0x000000001e87f580 is an unknown value
RSI=0x0000000000000000 is an unknown value
RDI=0x000000001e87f710 is an unknown value
R8 =0x0000000000000000 is an unknown value
R9 =0x0000000022affc28 is pointing into metadata
R10=0x0000000000000008 is an unknown value
R11=0x000000007724af98 is an unknown value
R12=0x000000001eb4e328 is an unknown value
R13=0x000000001e87f540 is an unknown value
R14=0x00000000000003d8 is an unknown value
R15=0x000000001e87f530 is an unknown value


Stack: [0x000000001e780000,0x000000001e880000],  sp=0x000000001e87ed70,  free space=1019k
Native frames: (J=compiled Java code, j=interpreted, Vv=VM code, C=native code)
V  [jvm.dll+0x237ab6]
V  [jvm.dll+0x238134]
V  [jvm.dll+0xff5d3]
V  [jvm.dll+0x1026e9]
V  [jvm.dll+0x10318f]
V  [jvm.dll+0x1039d5]
V  [jvm.dll+0x103c22]
V  [jvm.dll+0xc50be]
V  [jvm.dll+0xc5748]
V  [jvm.dll+0xc587a]
V  [jvm.dll+0xc5a78]
V  [jvm.dll+0x10fb2a]
V  [jvm.dll+0x12d3ef]
V  [jvm.dll+0x1bf54f]
V  [jvm.dll+0x24d677]
V  [jvm.dll+0x24c916]
V  [jvm.dll+0x24cdb1]
V  [jvm.dll+0x24cfce]
V  [jvm.dll+0x29fd8a]
C  [msvcr100.dll+0x21d9f]
C  [msvcr100.dll+0x21e3b]
C  [KERNEL32.DLL+0x17bd4]
C  [ntdll.dll+0x6ced1]

VM_Operation (0x000000001f5bf620): GetOrSetLocal, mode: safepoint, requested by thread 0x000000001e8c1000


---------------  P R O C E S S  ---------------

Java Threads: ( => current thread )
  0x0000000022167000 JavaThread "scheduling-1" [_thread_blocked, id=6712, stack(0x0000000023fd0000,0x00000000240d0000)]
  0x0000000022168800 JavaThread "http-nio-7000-Acceptor" daemon [_thread_in_native, id=3040, stack(0x0000000023ed0000,0x0000000023fd0000)]
  0x000000002216d800 JavaThread "http-nio-7000-Poller" daemon [_thread_in_native, id=9696, stack(0x0000000023dd0000,0x0000000023ed0000)]
  0x000000002216d000 JavaThread "File Watcher" daemon [_thread_blocked, id=6084, stack(0x00000000237d0000,0x00000000238d0000)]
  0x000000002216a800 JavaThread "container-0" [_thread_blocked, id=1988, stack(0x00000000236d0000,0x00000000237d0000)]
  0x0000000021edb800 JavaThread "Catalina-utility-2" [_thread_blocked, id=6324, stack(0x00000000231d0000,0x00000000232d0000)]
  0x0000000021edf000 JavaThread "Catalina-utility-1" [_thread_blocked, id=2428, stack(0x00000000228d0000,0x00000000229d0000)]
  0x0000000021edd000 JavaThread "JMX server connection timeout 36" daemon [_thread_blocked, id=1368, stack(0x0000000023bd0000,0x0000000023cd0000)]
  0x0000000021edd800 JavaThread "RMI Scheduler(0)" daemon [_thread_blocked, id=2872, stack(0x0000000020e00000,0x0000000020f00000)]
  0x0000000021ee0800 JavaThread "RMI TCP Connection(2)-127.0.0.1" daemon [_thread_in_native, id=1480, stack(0x0000000020d00000,0x0000000020e00000)]
  0x0000000021ee0000 JavaThread "DestroyJavaVM" [_thread_blocked, id=5952, stack(0x0000000002e40000,0x0000000002f40000)]
  0x0000000021eda800 JavaThread "scheduling-1" [_thread_blocked, id=4772, stack(0x0000000023ad0000,0x0000000023bd0000)]
  0x0000000021edc000 JavaThread "Live Reload Server" daemon [_thread_in_native, id=7904, stack(0x00000000235d0000,0x00000000236d0000)]
  0x000000001ff3c800 JavaThread "RMI TCP Accept-0" daemon [_thread_in_native, id=3340, stack(0x00000000206c0000,0x00000000207c0000)]
  0x000000001ff3b800 JavaThread "RMI TCP Accept-57477" daemon [_thread_in_native, id=1448, stack(0x00000000205c0000,0x00000000206c0000)]
  0x000000001ff1a800 JavaThread "RMI TCP Accept-0" daemon [_thread_in_native, id=1380, stack(0x00000000204c0000,0x00000000205c0000)]
  0x000000001e96d000 JavaThread "Service Thread" daemon [_thread_blocked, id=3520, stack(0x000000001fbc0000,0x000000001fcc0000)]
  0x000000001e8eb800 JavaThread "C1 CompilerThread3" daemon [_thread_blocked, id=9792, stack(0x000000001fac0000,0x000000001fbc0000)]
  0x000000001e8ea800 JavaThread "C2 CompilerThread2" daemon [_thread_blocked, id=7136, stack(0x000000001f9c0000,0x000000001fac0000)]
  0x000000001e8e8000 JavaThread "C2 CompilerThread1" daemon [_thread_blocked, id=2232, stack(0x000000001f8c0000,0x000000001f9c0000)]
  0x000000001e8e1800 JavaThread "C2 CompilerThread0" daemon [_thread_blocked, id=452, stack(0x000000001f7c0000,0x000000001f8c0000)]
  0x000000001e8d1000 JavaThread "JDWP Command Reader" daemon [_thread_in_native, id=10728, stack(0x000000001f6c0000,0x000000001f7c0000)]
  0x000000001e8cc000 JavaThread "JDWP Event Helper Thread" daemon [_thread_blocked, id=6312, stack(0x000000001f5c0000,0x000000001f6c0000)]
  0x000000001e8c1000 JavaThread "JDWP Transport Listener: dt_socket" daemon [_thread_blocked, id=10828, stack(0x000000001f4c0000,0x000000001f5c0000)]
  0x000000001e8ba800 JavaThread "Attach Listener" daemon [_thread_blocked, id=5280, stack(0x000000001f080000,0x000000001f180000)]
  0x000000001e8b9800 JavaThread "Signal Dispatcher" daemon [_thread_blocked, id=2472, stack(0x000000001ef80000,0x000000001f080000)]
  0x000000001e8a0800 JavaThread "Finalizer" daemon [_thread_blocked, id=7380, stack(0x000000001ed80000,0x000000001ee80000)]
  0x000000001ca8d000 JavaThread "Reference Handler" daemon [_thread_blocked, id=1748, stack(0x000000001ec80000,0x000000001ed80000)]

Other Threads:
=>0x000000001ca89000 VMThread [stack: 0x000000001e780000,0x000000001e880000] [id=9584]
  0x000000001ff40000 WatcherThread [stack: 0x00000000207c0000,0x00000000208c0000] [id=5532]

VM state:at safepoint (normal execution)

VM Mutex/Monitor currently owned by a thread:  ([mutex/lock_event])
[0x0000000002f41b50] Threads_lock - owner thread: 0x000000001ca89000

heap address: 0x00000006c1600000, size: 4074 MB, Compressed Oops mode: Zero based, Oop shift amount: 3
Narrow klass base: 0x0000000000000000, Narrow klass shift: 3
Compressed class space size: 1073741824 Address: 0x00000007c0000000

Heap:
 PSYoungGen      total 1381888K, used 1377559K [0x000000076b200000, 0x00000007bfe80000, 0x00000007c0000000)
  eden space 1374720K, 100% used [0x000000076b200000,0x00000007bf080000,0x00000007bf080000)
  from space 7168K, 39% used [0x00000007bf780000,0x00000007bfa45e88,0x00000007bfe80000)
  to   space 7168K, 0% used [0x00000007bf080000,0x00000007bf080000,0x00000007bf780000)
 ParOldGen       total 110592K, used 11432K [0x00000006c1600000, 0x00000006c8200000, 0x000000076b200000)
  object space 110592K, 10% used [0x00000006c1600000,0x00000006c212a160,0x00000006c8200000)
 Metaspace       used 32629K, capacity 35150K, committed 35456K, reserved 1079296K
  class space    used 4458K, capacity 4883K, committed 4992K, reserved 1048576K

Card table byte_map: [0x0000000012400000,0x0000000012c00000] byte_map_base: 0x000000000edf5000

Marking Bits: (ParMarkBitMap*) 0x0000000077466d90
 Begin Bits: [0x0000000013950000, 0x00000000178f8000)
 End Bits:   [0x00000000178f8000, 0x000000001b8a0000)

Polling page: 0x0000000000bf0000

CodeCache: size=245760Kb used=7407Kb max_used=7407Kb free=238352Kb
 bounds [0x0000000003040000, 0x0000000003780000, 0x0000000012040000]
 total_blobs=4024 nmethods=3600 adapters=344
 compilation: enabled

Compilation events (10 events):
Event: 65.207 Thread 0x000000001e8eb800 3651   !   1       java.util.AbstractSet::equals (48 bytes)
Event: 65.207 Thread 0x000000001e8eb800 nmethod 3651 0x00000000035f2c10 code [0x00000000035f2da0, 0x00000000035f30a8]
Event: 66.047 Thread 0x000000001e8eb800 3652       1       java.nio.channels.spi.AbstractSelector::cancelledKeys (5 bytes)
Event: 66.048 Thread 0x000000001e8eb800 nmethod 3652 0x00000000031f4f90 code [0x00000000031f50e0, 0x00000000031f51f0]
Event: 67.029 Thread 0x000000001e8eb800 3653       1       java.util.concurrent.ScheduledThreadPoolExecutor$ScheduledFutureTask::getDelay (20 bytes)
Event: 67.029 Thread 0x000000001e8eb800 nmethod 3653 0x00000000031f4bd0 code [0x00000000031f4d40, 0x00000000031f4ec8]
Event: 67.029 Thread 0x000000001e8eb800 3654       1       java.util.concurrent.TimeUnit$1::convert (6 bytes)
Event: 67.029 Thread 0x000000001e8eb800 nmethod 3654 0x00000000031f48d0 code [0x00000000031f4a20, 0x00000000031f4b68]
Event: 67.209 Thread 0x000000001e8eb800 3655       1       org.springframework.boot.devtools.filewatch.DirectorySnapshot::filter (72 bytes)
Event: 67.210 Thread 0x000000001e8eb800 nmethod 3655 0x00000000031f3fd0 code [0x00000000031f41a0, 0x00000000031f4598]

GC Heap History (10 events):
Event: 25.143 GC heap before
{Heap before GC invocations=28 (full 2):
 PSYoungGen      total 1376768K, used 1369134K [0x000000076b200000, 0x00000007bfe00000, 0x00000007c0000000)
  eden space 1366528K, 100% used [0x000000076b200000,0x00000007be880000,0x00000007be880000)
  from space 10240K, 25% used [0x00000007be880000,0x00000007beb0bb78,0x00000007bf280000)
  to   space 9216K, 0% used [0x00000007bf500000,0x00000007bf500000,0x00000007bfe00000)
 ParOldGen       total 110592K, used 11432K [0x00000006c1600000, 0x00000006c8200000, 0x000000076b200000)
  object space 110592K, 10% used [0x00000006c1600000,0x00000006c212a160,0x00000006c8200000)
 Metaspace       used 32532K, capacity 34958K, committed 35200K, reserved 1079296K
  class space    used 4449K, capacity 4883K, committed 4992K, reserved 1048576K
Event: 25.145 GC heap after
Heap after GC invocations=28 (full 2):
 PSYoungGen      total 1379328K, used 3267K [0x000000076b200000, 0x00000007bff00000, 0x00000007c0000000)
  eden space 1370112K, 0% used [0x000000076b200000,0x000000076b200000,0x00000007bec00000)
  from space 9216K, 35% used [0x00000007bf500000,0x00000007bf830da8,0x00000007bfe00000)
  to   space 9216K, 0% used [0x00000007bec00000,0x00000007bec00000,0x00000007bf500000)
 ParOldGen       total 110592K, used 11432K [0x00000006c1600000, 0x00000006c8200000, 0x000000076b200000)
  object space 110592K, 10% used [0x00000006c1600000,0x00000006c212a160,0x00000006c8200000)
 Metaspace       used 32532K, capacity 34958K, committed 35200K, reserved 1079296K
  class space    used 4449K, capacity 4883K, committed 4992K, reserved 1048576K
}
Event: 29.686 GC heap before
{Heap before GC invocations=29 (full 2):
 PSYoungGen      total 1379328K, used 1373379K [0x000000076b200000, 0x00000007bff00000, 0x00000007c0000000)
  eden space 1370112K, 100% used [0x000000076b200000,0x00000007bec00000,0x00000007bec00000)
  from space 9216K, 35% used [0x00000007bf500000,0x00000007bf830da8,0x00000007bfe00000)
  to   space 9216K, 0% used [0x00000007bec00000,0x00000007bec00000,0x00000007bf500000)
 ParOldGen       total 110592K, used 11432K [0x00000006c1600000, 0x00000006c8200000, 0x000000076b200000)
  object space 110592K, 10% used [0x00000006c1600000,0x00000006c212a160,0x00000006c8200000)
 Metaspace       used 32532K, capacity 34958K, committed 35200K, reserved 1079296K
  class space    used 4449K, capacity 4883K, committed 4992K, reserved 1048576K
Event: 29.688 GC heap after
Heap after GC invocations=29 (full 2):
 PSYoungGen      total 1379328K, used 2845K [0x000000076b200000, 0x00000007bff00000, 0x00000007c0000000)
  eden space 1370112K, 0% used [0x000000076b200000,0x000000076b200000,0x00000007bec00000)
  from space 9216K, 30% used [0x00000007bec00000,0x00000007beec76f0,0x00000007bf500000)
  to   space 8704K, 0% used [0x00000007bf680000,0x00000007bf680000,0x00000007bff00000)
 ParOldGen       total 110592K, used 11432K [0x00000006c1600000, 0x00000006c8200000, 0x000000076b200000)
  object space 110592K, 10% used [0x00000006c1600000,0x00000006c212a160,0x00000006c8200000)
 Metaspace       used 32532K, capacity 34958K, committed 35200K, reserved 1079296K
  class space    used 4449K, capacity 4883K, committed 4992K, reserved 1048576K
}
Event: 29.898 GC heap before
{Heap before GC invocations=30 (full 2):
 PSYoungGen      total 1379328K, used 1372957K [0x000000076b200000, 0x00000007bff00000, 0x00000007c0000000)
  eden space 1370112K, 100% used [0x000000076b200000,0x00000007bec00000,0x00000007bec00000)
  from space 9216K, 30% used [0x00000007bec00000,0x00000007beec76f0,0x00000007bf500000)
  to   space 8704K, 0% used [0x00000007bf680000,0x00000007bf680000,0x00000007bff00000)
 ParOldGen       total 110592K, used 11432K [0x00000006c1600000, 0x00000006c8200000, 0x000000076b200000)
  object space 110592K, 10% used [0x00000006c1600000,0x00000006c212a160,0x00000006c8200000)
 Metaspace       used 32532K, capacity 34958K, committed 35200K, reserved 1079296K
  class space    used 4449K, capacity 4883K, committed 4992K, reserved 1048576K
Event: 29.900 GC heap after
Heap after GC invocations=30 (full 2):
 PSYoungGen      total 1380864K, used 2915K [0x000000076b200000, 0x00000007bfe80000, 0x00000007c0000000)
  eden space 1372672K, 0% used [0x000000076b200000,0x000000076b200000,0x00000007bee80000)
  from space 8192K, 35% used [0x00000007bf680000,0x00000007bf958c00,0x00000007bfe80000)
  to   space 8192K, 0% used [0x00000007bee80000,0x00000007bee80000,0x00000007bf680000)
 ParOldGen       total 110592K, used 11432K [0x00000006c1600000, 0x00000006c8200000, 0x000000076b200000)
  object space 110592K, 10% used [0x00000006c1600000,0x00000006c212a160,0x00000006c8200000)
 Metaspace       used 32532K, capacity 34958K, committed 35200K, reserved 1079296K
  class space    used 4449K, capacity 4883K, committed 4992K, reserved 1048576K
}
Event: 30.112 GC heap before
{Heap before GC invocations=31 (full 2):
 PSYoungGen      total 1380864K, used 1375587K [0x000000076b200000, 0x00000007bfe80000, 0x00000007c0000000)
  eden space 1372672K, 100% used [0x000000076b200000,0x00000007bee80000,0x00000007bee80000)
  from space 8192K, 35% used [0x00000007bf680000,0x00000007bf958c00,0x00000007bfe80000)
  to   space 8192K, 0% used [0x00000007bee80000,0x00000007bee80000,0x00000007bf680000)
 ParOldGen       total 110592K, used 11432K [0x00000006c1600000, 0x00000006c8200000, 0x000000076b200000)
  object space 110592K, 10% used [0x00000006c1600000,0x00000006c212a160,0x00000006c8200000)
 Metaspace       used 32532K, capacity 34958K, committed 35200K, reserved 1079296K
  class space    used 4449K, capacity 4883K, committed 4992K, reserved 1048576K
Event: 30.114 GC heap after
Heap after GC invocations=31 (full 2):
 PSYoungGen      total 1380864K, used 3105K [0x000000076b200000, 0x00000007bff00000, 0x00000007c0000000)
  eden space 1372672K, 0% used [0x000000076b200000,0x000000076b200000,0x00000007bee80000)
  from space 8192K, 37% used [0x00000007bee80000,0x00000007bf188540,0x00000007bf680000)
  to   space 7680K, 0% used [0x00000007bf780000,0x00000007bf780000,0x00000007bff00000)
 ParOldGen       total 110592K, used 11432K [0x00000006c1600000, 0x00000006c8200000, 0x000000076b200000)
  object space 110592K, 10% used [0x00000006c1600000,0x00000006c212a160,0x00000006c8200000)
 Metaspace       used 32532K, capacity 34958K, committed 35200K, reserved 1079296K
  class space    used 4449K, capacity 4883K, committed 4992K, reserved 1048576K
}
Event: 30.328 GC heap before
{Heap before GC invocations=32 (full 2):
 PSYoungGen      total 1380864K, used 1375777K [0x000000076b200000, 0x00000007bff00000, 0x00000007c0000000)
  eden space 1372672K, 100% used [0x000000076b200000,0x00000007bee80000,0x00000007bee80000)
  from space 8192K, 37% used [0x00000007bee80000,0x00000007bf188540,0x00000007bf680000)
  to   space 7680K, 0% used [0x00000007bf780000,0x00000007bf780000,0x00000007bff00000)
 ParOldGen       total 110592K, used 11432K [0x00000006c1600000, 0x00000006c8200000, 0x000000076b200000)
  object space 110592K, 10% used [0x00000006c1600000,0x00000006c212a160,0x00000006c8200000)
 Metaspace       used 32532K, capacity 34958K, committed 35200K, reserved 1079296K
  class space    used 4449K, capacity 4883K, committed 4992K, reserved 1048576K
Event: 30.330 GC heap after
Heap after GC invocations=32 (full 2):
 PSYoungGen      total 1381888K, used 2839K [0x000000076b200000, 0x00000007bfe80000, 0x00000007c0000000)
  eden space 1374720K, 0% used [0x000000076b200000,0x000000076b200000,0x00000007bf080000)
  from space 7168K, 39% used [0x00000007bf780000,0x00000007bfa45e88,0x00000007bfe80000)
  to   space 7168K, 0% used [0x00000007bf080000,0x00000007bf080000,0x00000007bf780000)
 ParOldGen       total 110592K, used 11432K [0x00000006c1600000, 0x00000006c8200000, 0x000000076b200000)
  object space 110592K, 10% used [0x00000006c1600000,0x00000006c212a160,0x00000006c8200000)
 Metaspace       used 32532K, capacity 34958K, committed 35200K, reserved 1079296K
  class space    used 4449K, capacity 4883K, committed 4992K, reserved 1048576K
}

Deoptimization events (0 events):
No events

Classes redefined (3 events):
Event: 22.308 Thread 0x000000001ca89000 redefined class name=com.vn.Config, count=1
Event: 67.884 Thread 0x000000001ca89000 redefined class name=com.vn.Config, count=2
Event: 67.894 Thread 0x000000001ca89000 redefined class name=com.vn.Config, count=1

Internal exceptions (10 events):
Event: 23.962 Thread 0x0000000021ede800 Exception <a 'java/lang/ArrayIndexOutOfBoundsException'> (0x0000000770a5c5e8) thrown at [C:\re\workspace\8-2-build-windows-amd64-cygwin\jdk8u231\13620\hotspot\src\share\vm\runtime\sharedRuntime.cpp, line 605]
Event: 23.968 Thread 0x0000000021ede800 Exception <a 'java/lang/ArrayIndexOutOfBoundsException'> (0x0000000770b29e88) thrown at [C:\re\workspace\8-2-build-windows-amd64-cygwin\jdk8u231\13620\hotspot\src\share\vm\runtime\sharedRuntime.cpp, line 605]
Event: 23.971 Thread 0x0000000021ede800 Exception <a 'java/lang/ArrayIndexOutOfBoundsException'> (0x0000000770b6a698) thrown at [C:\re\workspace\8-2-build-windows-amd64-cygwin\jdk8u231\13620\hotspot\src\share\vm\runtime\sharedRuntime.cpp, line 605]
Event: 23.971 Thread 0x0000000021ede800 Exception <a 'java/lang/ArrayIndexOutOfBoundsException'> (0x0000000770b6f698) thrown at [C:\re\workspace\8-2-build-windows-amd64-cygwin\jdk8u231\13620\hotspot\src\share\vm\runtime\sharedRuntime.cpp, line 605]
Event: 23.972 Thread 0x0000000021ede800 Exception <a 'java/lang/ArrayIndexOutOfBoundsException'> (0x0000000770b77400) thrown at [C:\re\workspace\8-2-build-windows-amd64-cygwin\jdk8u231\13620\hotspot\src\share\vm\runtime\sharedRuntime.cpp, line 605]
Event: 23.972 Thread 0x0000000021ede800 Exception <a 'java/lang/ArrayIndexOutOfBoundsException'> (0x0000000770b7c570) thrown at [C:\re\workspace\8-2-build-windows-amd64-cygwin\jdk8u231\13620\hotspot\src\share\vm\runtime\sharedRuntime.cpp, line 605]
Event: 23.972 Thread 0x0000000021ede800 Exception <a 'java/lang/ArrayIndexOutOfBoundsException'> (0x0000000770b8b400) thrown at [C:\re\workspace\8-2-build-windows-amd64-cygwin\jdk8u231\13620\hotspot\src\share\vm\runtime\sharedRuntime.cpp, line 605]
Event: 23.972 Thread 0x0000000021ede800 Exception <a 'java/lang/ArrayIndexOutOfBoundsException'> (0x0000000770b99d08) thrown at [C:\re\workspace\8-2-build-windows-amd64-cygwin\jdk8u231\13620\hotspot\src\share\vm\runtime\sharedRuntime.cpp, line 605]
Event: 24.015 Thread 0x0000000021ede800 Exception <a 'java/lang/ArrayIndexOutOfBoundsException'> (0x0000000770f89570) thrown at [C:\re\workspace\8-2-build-windows-amd64-cygwin\jdk8u231\13620\hotspot\src\share\vm\runtime\sharedRuntime.cpp, line 605]
Event: 24.016 Thread 0x0000000021ede800 Exception <a 'java/lang/ArrayIndexOutOfBoundsException'> (0x0000000770fa2978) thrown at [C:\re\workspace\8-2-build-windows-amd64-cygwin\jdk8u231\13620\hotspot\src\share\vm\runtime\sharedRuntime.cpp, line 605]

Events (10 events):
Event: 68.026 Executing VM operation: GetOrSetLocal done
Event: 68.027 Executing VM operation: GetOrSetLocal
Event: 68.027 Executing VM operation: GetOrSetLocal done
Event: 68.027 Executing VM operation: GetOrSetLocal
Event: 68.027 Executing VM operation: GetOrSetLocal done
Event: 68.027 Executing VM operation: GetOrSetLocal
Event: 68.027 Executing VM operation: GetOrSetLocal done
Event: 68.028 Executing VM operation: GetOrSetLocal
Event: 68.028 Executing VM operation: GetOrSetLocal done
Event: 68.035 Executing VM operation: GetOrSetLocal


Dynamic libraries:
0x00007ff683c90000 - 0x00007ff683cc7000 	C:\Program Files\Java\jdk1.8.0_231\bin\javaw.exe
0x00007ffd64d40000 - 0x00007ffd64f30000 	C:\Windows\SYSTEM32\ntdll.dll
0x00007ffd64490000 - 0x00007ffd64542000 	C:\Windows\System32\KERNEL32.DLL
0x00007ffd62b20000 - 0x00007ffd62dc3000 	C:\Windows\System32\KERNELBASE.dll
0x00007ffd64260000 - 0x00007ffd64303000 	C:\Windows\System32\ADVAPI32.dll
0x00007ffd64790000 - 0x00007ffd6482e000 	C:\Windows\System32\msvcrt.dll
0x00007ffd64970000 - 0x00007ffd64a07000 	C:\Windows\System32\sechost.dll
0x00007ffd64370000 - 0x00007ffd64490000 	C:\Windows\System32\RPCRT4.dll
0x00007ffd640c0000 - 0x00007ffd64254000 	C:\Windows\System32\USER32.dll
0x00007ffd62160000 - 0x00007ffd62181000 	C:\Windows\System32\win32u.dll
0x00007ffd63fe0000 - 0x00007ffd64006000 	C:\Windows\System32\GDI32.dll
0x00007ffd61d20000 - 0x00007ffd61eb4000 	C:\Windows\System32\gdi32full.dll
0x00007ffd61ec0000 - 0x00007ffd61f5e000 	C:\Windows\System32\msvcp_win.dll
0x00007ffd62220000 - 0x00007ffd6231a000 	C:\Windows\System32\ucrtbase.dll
0x00007ffd51770000 - 0x00007ffd519f5000 	C:\Windows\WinSxS\amd64_microsoft.windows.common-controls_6595b64144ccf1df_6.0.18362.592_none_e6c0b1911312be02\COMCTL32.dll
0x00007ffd639b0000 - 0x00007ffd63ce6000 	C:\Windows\System32\combase.dll
0x00007ffd62320000 - 0x00007ffd623a0000 	C:\Windows\System32\bcryptPrimitives.dll
0x00007ffd63d10000 - 0x00007ffd63d3e000 	C:\Windows\System32\IMM32.DLL
0x0000000050630000 - 0x0000000050702000 	C:\Program Files\Java\jdk1.8.0_231\jre\bin\msvcr100.dll
0x0000000076c40000 - 0x00000000774e6000 	C:\Program Files\Java\jdk1.8.0_231\jre\bin\server\jvm.dll
0x00007ffd64c20000 - 0x00007ffd64c28000 	C:\Windows\System32\PSAPI.DLL
0x00007ffd52c00000 - 0x00007ffd52c09000 	C:\Windows\SYSTEM32\WSOCK32.dll
0x00007ffd5fe20000 - 0x00007ffd5fe44000 	C:\Windows\SYSTEM32\WINMM.dll
0x00007ffd58d90000 - 0x00007ffd58d9a000 	C:\Windows\SYSTEM32\VERSION.dll
0x00007ffd64bb0000 - 0x00007ffd64c1f000 	C:\Windows\System32\WS2_32.dll
0x00007ffd5fdf0000 - 0x00007ffd5fe1d000 	C:\Windows\SYSTEM32\WINMMBASE.dll
0x00007ffd61cd0000 - 0x00007ffd61d1a000 	C:\Windows\System32\cfgmgr32.dll
0x00007ffd53330000 - 0x00007ffd5333f000 	C:\Program Files\Java\jdk1.8.0_231\jre\bin\verify.dll
0x00007ffd37890000 - 0x00007ffd378b9000 	C:\Program Files\Java\jdk1.8.0_231\jre\bin\java.dll
0x00007ffd422f0000 - 0x00007ffd42325000 	C:\Program Files\Java\jdk1.8.0_231\jre\bin\jdwp.dll
0x00007ffd48070000 - 0x00007ffd48078000 	C:\Program Files\Java\jdk1.8.0_231\jre\bin\npt.dll
0x00007ffd53260000 - 0x00007ffd53276000 	C:\Program Files\Java\jdk1.8.0_231\jre\bin\zip.dll
0x00007ffd632c0000 - 0x00007ffd639a5000 	C:\Windows\System32\SHELL32.dll
0x00007ffd64010000 - 0x00007ffd640b9000 	C:\Windows\System32\shcore.dll
0x00007ffd623a0000 - 0x00007ffd62b1f000 	C:\Windows\System32\windows.storage.dll
0x00007ffd61c40000 - 0x00007ffd61c5f000 	C:\Windows\System32\profapi.dll
0x00007ffd61c80000 - 0x00007ffd61cca000 	C:\Windows\System32\powrprof.dll
0x00007ffd61c10000 - 0x00007ffd61c20000 	C:\Windows\System32\UMPDC.dll
0x00007ffd64310000 - 0x00007ffd64362000 	C:\Windows\System32\shlwapi.dll
0x00007ffd61c60000 - 0x00007ffd61c71000 	C:\Windows\System32\kernel.appcore.dll
0x00007ffd62dd0000 - 0x00007ffd62de7000 	C:\Windows\System32\cryptsp.dll
0x00007ffd47500000 - 0x00007ffd47509000 	C:\Program Files\Java\jdk1.8.0_231\jre\bin\dt_socket.dll
0x00007ffd44c00000 - 0x00007ffd44c16000 	C:\Windows\system32\napinsp.dll
0x00007ffd44be0000 - 0x00007ffd44bfa000 	C:\Windows\system32\pnrpnsp.dll
0x00007ffd61420000 - 0x00007ffd61487000 	C:\Windows\System32\mswsock.dll
0x00007ffd61170000 - 0x00007ffd6123a000 	C:\Windows\SYSTEM32\DNSAPI.dll
0x00007ffd64550000 - 0x00007ffd64558000 	C:\Windows\System32\NSI.dll
0x00007ffd61130000 - 0x00007ffd6116a000 	C:\Windows\SYSTEM32\IPHLPAPI.DLL
0x00007ffd44c20000 - 0x00007ffd44c2e000 	C:\Windows\System32\winrnr.dll
0x00007ffd5e5c0000 - 0x00007ffd5e5dc000 	C:\Windows\system32\NLAapi.dll
0x00007ffd44c90000 - 0x00007ffd44ca5000 	C:\Windows\system32\wshbth.dll
0x00007ffd5e1a0000 - 0x00007ffd5e217000 	C:\Windows\System32\fwpuclnt.dll
0x00007ffd621f0000 - 0x00007ffd62216000 	C:\Windows\System32\bcrypt.dll
0x00007ffd5bfc0000 - 0x00007ffd5bfca000 	C:\Windows\System32\rasadhlp.dll
0x00007ffd52e70000 - 0x00007ffd52e7d000 	C:\Program Files\Java\jdk1.8.0_231\jre\bin\management.dll
0x00007ffd48050000 - 0x00007ffd4806a000 	C:\Program Files\Java\jdk1.8.0_231\jre\bin\net.dll
0x00007ffd47f90000 - 0x00007ffd47fa2000 	C:\Program Files\Java\jdk1.8.0_231\jre\bin\nio.dll
0x00007ffd60f90000 - 0x00007ffd60fc3000 	C:\Windows\system32\rsaenh.dll
0x00007ffd61b30000 - 0x00007ffd61b55000 	C:\Windows\SYSTEM32\USERENV.dll
0x00007ffd615f0000 - 0x00007ffd615fc000 	C:\Windows\SYSTEM32\CRYPTBASE.dll
0x00007ffd5dfa0000 - 0x00007ffd5dfb6000 	C:\Windows\SYSTEM32\dhcpcsvc6.DLL
0x00007ffd5df50000 - 0x00007ffd5df6c000 	C:\Windows\SYSTEM32\dhcpcsvc.DLL
0x00007ffd52a00000 - 0x00007ffd52bf4000 	C:\Windows\SYSTEM32\dbghelp.dll

VM Arguments:
jvm_args: -agentlib:jdwp=transport=dt_socket,suspend=y,address=localhost:57478 -Dcom.sun.management.jmxremote -Dcom.sun.management.jmxremote.port=57477 -Dcom.sun.management.jmxremote.authenticate=false -Dcom.sun.management.jmxremote.ssl=false -Djava.rmi.server.hostname=localhost -Dspring.jmx.enabled=true -Dspring.application.admin.enabled=true -Xverify:none -XX:TieredStopAtLevel=1 -Dfile.encoding=UTF-8 
java_command: com.vn.TestProcessApplication --spring.output.ansi.enabled=always
java_class_path (initial): E:\thangdc\TTXTQG\ghi-log-process-win10\target\classes;C:\Users\thangdc\.m2\repository\org\springframework\boot\spring-boot-starter-validation\2.5.6\spring-boot-starter-validation-2.5.6.jar;C:\Users\thangdc\.m2\repository\org\springframework\boot\spring-boot-starter\2.5.6\spring-boot-starter-2.5.6.jar;C:\Users\thangdc\.m2\repository\org\springframework\boot\spring-boot-starter-logging\2.5.6\spring-boot-starter-logging-2.5.6.jar;C:\Users\thangdc\.m2\repository\ch\qos\logback\logback-classic\1.2.6\logback-classic-1.2.6.jar;C:\Users\thangdc\.m2\repository\ch\qos\logback\logback-core\1.2.6\logback-core-1.2.6.jar;C:\Users\thangdc\.m2\repository\org\apache\logging\log4j\log4j-to-slf4j\2.14.1\log4j-to-slf4j-2.14.1.jar;C:\Users\thangdc\.m2\repository\org\yaml\snakeyaml\1.28\snakeyaml-1.28.jar;C:\Users\thangdc\.m2\repository\org\apache\tomcat\embed\tomcat-embed-el\9.0.54\tomcat-embed-el-9.0.54.jar;C:\Users\thangdc\.m2\repository\org\hibernate\validator\hibernate-validator\6.2.0.Final\hibernate-validator-6.2.0.Final.jar;C:\Users\thangdc\.m2\repository\jakarta\validation\jakarta.validation-api\2.0.2\jakarta.validation-api-2.0.2.jar;C:\Users\thangdc\.m2\repository\org\jboss\logging\jboss-logging\3.4.2.Final\jboss-logging-3.4.2.Final.jar;C:\Users\thangdc\.m2\repository\com\fasterxml\classmate\1.5.1\classmate-1.5.1.jar;C:\Users\thangdc\.m2\repository\org\springframework\boot\spring-boot-starter-web\2.5.6\spring-boot-starter-web-2.5.6.jar;C:\Users\thangdc\.m2\repository\org\springframework\boot\spring-boot-starter-json\2.5.6\spring-boot-starter-json-2.5.6.jar;C:\Users\thangdc\.m2\repository\com\fasterxml\jackson\core\jackson-databind\2.12.5\jackson-databind-2.12.5.jar;C:\Users\thangdc\.m2\repository\com\fasterxml\jackson\core\jackson-annotations\2.12.5\jackson-annotations-2.12.5.jar;C:\Users\thangdc\.m2\repository\com\fasterxml\jackson\core\jackson-core\2.12.5\jackson-core-2.12.5.jar;C:\Users\thangdc\.m2\repository\com\fasterxml\jackson\datatype\jackso
Launcher Type: SUN_STANDARD

Environment Variables:
JAVA_HOME=C:\Program Files\Java\jdk1.8.0_231
PATH=C:\Program Files\Java\jdk1.8.0_231\jre\bin;C:/Program Files/Java/jre1.8.0_231/bin/server;C:/Program Files/Java/jre1.8.0_231/bin;C:/Program Files/Java/jre1.8.0_231/lib/amd64;C:\Program Files (x86)\Common Files\Oracle\Java\javapath;C:\app\Administrator\product\18.0.0\dbhomeXE\bin;C:\Windows\system32;C:\Windows;C:\Windows\System32\Wbem;C:\Windows\System32\WindowsPowerShell\v1.0\;C:\Windows\System32\OpenSSH\;C:\Program Files\Java\jdk1.8.0_231\bin;E:\apache-maven-3.6.3\bin;C:\Program Files\nodejs\;C:\Program Files\TortoiseGit\bin;C:\Users\thangdc\AppData\Local\Microsoft\WindowsApps;E:\Microsoft VS Code\bin;C:\Users\thangdc\AppData\Local\Programs\Git\cmd;C:\Users\thangdc\Desktop\sts-4.2.1.RELEASE;
USERNAME=thangdc
OS=Windows_NT
PROCESSOR_IDENTIFIER=Intel64 Family 6 Model 60 Stepping 3, GenuineIntel



---------------  S Y S T E M  ---------------

OS: Windows 10.0 , 64 bit Build 18362 (10.0.18362.329)

CPU:total 8 (initial active 8) (4 cores per cpu, 2 threads per core) family 6 model 60 stepping 3, cmov, cx8, fxsr, mmx, sse, sse2, sse3, ssse3, sse4.1, sse4.2, popcnt, avx, avx2, aes, clmul, erms, lzcnt, ht, tsc, tscinvbit, bmi1, bmi2

Memory: 4k page, physical 16680624k(8222960k free), swap 22185648k(11265588k free)

vm_info: Java HotSpot(TM) 64-Bit Server VM (25.231-b11) for windows-amd64 JRE (1.8.0_231-b11), built on Oct  5 2019 03:11:30 by "java_re" with MS VC++ 10.0 (VS2010)

time: Wed Nov 17 16:31:14 2021
timezone: SE Asia Standard Time
elapsed time: 68 seconds (0d 0h 1m 8s)

